This is pdfTeX, Version 3.1415926-2.5-1.40.14 (TeX Live 2013/Debian) (format=pdflatex 2014.6.9)  9 JUN 2014 21:16
entering extended mode
 restricted \write18 enabled.
 %&-line parsing enabled.
**12a_Funcoes_Analiticas_thacia.tex
(./12a_Funcoes_Analiticas_thacia.tex
LaTeX2e <2011/06/27>
Babel <3.9h> and hyphenation patterns for 3 languages loaded.
(/usr/share/texlive/texmf-dist/tex/latex/base/article.cls
Document Class: article 2007/10/19 v1.4h Standard LaTeX document class
(/usr/share/texlive/texmf-dist/tex/latex/base/size10.clo
File: size10.clo 2007/10/19 v1.4h Standard LaTeX file (size option)
)
\c@part=\count79
\c@section=\count80
\c@subsection=\count81
\c@subsubsection=\count82
\c@paragraph=\count83
\c@subparagraph=\count84
\c@figure=\count85
\c@table=\count86
\abovecaptionskip=\skip41
\belowcaptionskip=\skip42
\bibindent=\dimen102
)
(/usr/share/texlive/texmf-dist/tex/latex/amsmath/amsmath.sty
Package: amsmath 2013/01/14 v2.14 AMS math features
\@mathmargin=\skip43

For additional information on amsmath, use the `?' option.
(/usr/share/texlive/texmf-dist/tex/latex/amsmath/amstext.sty
Package: amstext 2000/06/29 v2.01

(/usr/share/texlive/texmf-dist/tex/latex/amsmath/amsgen.sty
File: amsgen.sty 1999/11/30 v2.0
\@emptytoks=\toks14
\ex@=\dimen103
))
(/usr/share/texlive/texmf-dist/tex/latex/amsmath/amsbsy.sty
Package: amsbsy 1999/11/29 v1.2d
\pmbraise@=\dimen104
)
(/usr/share/texlive/texmf-dist/tex/latex/amsmath/amsopn.sty
Package: amsopn 1999/12/14 v2.01 operator names
)
\inf@bad=\count87
LaTeX Info: Redefining \frac on input line 210.
\uproot@=\count88
\leftroot@=\count89
LaTeX Info: Redefining \overline on input line 306.
\classnum@=\count90
\DOTSCASE@=\count91
LaTeX Info: Redefining \ldots on input line 378.
LaTeX Info: Redefining \dots on input line 381.
LaTeX Info: Redefining \cdots on input line 466.
\Mathstrutbox@=\box26
\strutbox@=\box27
\big@size=\dimen105
LaTeX Font Info:    Redeclaring font encoding OML on input line 566.
LaTeX Font Info:    Redeclaring font encoding OMS on input line 567.
\macc@depth=\count92
\c@MaxMatrixCols=\count93
\dotsspace@=\muskip10
\c@parentequation=\count94
\dspbrk@lvl=\count95
\tag@help=\toks15
\row@=\count96
\column@=\count97
\maxfields@=\count98
\andhelp@=\toks16
\eqnshift@=\dimen106
\alignsep@=\dimen107
\tagshift@=\dimen108
\tagwidth@=\dimen109
\totwidth@=\dimen110
\lineht@=\dimen111
\@envbody=\toks17
\multlinegap=\skip44
\multlinetaggap=\skip45
\mathdisplay@stack=\toks18
LaTeX Info: Redefining \[ on input line 2665.
LaTeX Info: Redefining \] on input line 2666.
)
(/usr/share/texlive/texmf-dist/tex/latex/amsfonts/amssymb.sty
Package: amssymb 2013/01/14 v3.01 AMS font symbols

(/usr/share/texlive/texmf-dist/tex/latex/amsfonts/amsfonts.sty
Package: amsfonts 2013/01/14 v3.01 Basic AMSFonts support
\symAMSa=\mathgroup4
\symAMSb=\mathgroup5
LaTeX Font Info:    Overwriting math alphabet `\mathfrak' in version `bold'
(Font)                  U/euf/m/n --> U/euf/b/n on input line 106.
))
(/usr/share/texlive/texmf-dist/tex/latex/graphics/graphicx.sty
Package: graphicx 1999/02/16 v1.0f Enhanced LaTeX Graphics (DPC,SPQR)

(/usr/share/texlive/texmf-dist/tex/latex/graphics/keyval.sty
Package: keyval 1999/03/16 v1.13 key=value parser (DPC)
\KV@toks@=\toks19
)
(/usr/share/texlive/texmf-dist/tex/latex/graphics/graphics.sty
Package: graphics 2009/02/05 v1.0o Standard LaTeX Graphics (DPC,SPQR)

(/usr/share/texlive/texmf-dist/tex/latex/graphics/trig.sty
Package: trig 1999/03/16 v1.09 sin cos tan (DPC)
)
(/usr/share/texlive/texmf-dist/tex/latex/latexconfig/graphics.cfg
File: graphics.cfg 2010/04/23 v1.9 graphics configuration of TeX Live
)
Package graphics Info: Driver file: pdftex.def on input line 91.

(/usr/share/texlive/texmf-dist/tex/latex/pdftex-def/pdftex.def
File: pdftex.def 2011/05/27 v0.06d Graphics/color for pdfTeX

(/usr/share/texlive/texmf-dist/tex/generic/oberdiek/infwarerr.sty
Package: infwarerr 2010/04/08 v1.3 Providing info/warning/error messages (HO)
)
(/usr/share/texlive/texmf-dist/tex/generic/oberdiek/ltxcmds.sty
Package: ltxcmds 2011/11/09 v1.22 LaTeX kernel commands for general use (HO)
)
\Gread@gobject=\count99
))
\Gin@req@height=\dimen112
\Gin@req@width=\dimen113
)
(/usr/share/texlive/texmf-dist/tex/generic/babel/babel.sty
Package: babel 2013/12/03 3.9h The Babel package

(/usr/share/texlive/texmf-dist/tex/generic/babel-portuges/portuges.ldf
Language: portuges 2008/03/18 v1.2q Portuguese support from the babel system

(/usr/share/texlive/texmf-dist/tex/generic/babel/babel.def
File: babel.def 2013/12/03 3.9h Babel common definitions
\babel@savecnt=\count100
\U@D=\dimen114
)
\l@brazilian = a dialect from \language\l@portuges 
Package babel Info: Making " an active character on input line 145.
))
(/usr/share/texlive/texmf-dist/tex/latex/base/inputenc.sty
Package: inputenc 2008/03/30 v1.1d Input encoding file
\inpenc@prehook=\toks20
\inpenc@posthook=\toks21

(/usr/share/texlive/texmf-dist/tex/latex/base/utf8.def
File: utf8.def 2008/04/05 v1.1m UTF-8 support for inputenc
Now handling font encoding OML ...
... no UTF-8 mapping file for font encoding OML
Now handling font encoding T1 ...
... processing UTF-8 mapping file for font encoding T1

(/usr/share/texlive/texmf-dist/tex/latex/base/t1enc.dfu
File: t1enc.dfu 2008/04/05 v1.1m UTF-8 support for inputenc
   defining Unicode char U+00A1 (decimal 161)
   defining Unicode char U+00A3 (decimal 163)
   defining Unicode char U+00AB (decimal 171)
   defining Unicode char U+00BB (decimal 187)
   defining Unicode char U+00BF (decimal 191)
   defining Unicode char U+00C0 (decimal 192)
   defining Unicode char U+00C1 (decimal 193)
   defining Unicode char U+00C2 (decimal 194)
   defining Unicode char U+00C3 (decimal 195)
   defining Unicode char U+00C4 (decimal 196)
   defining Unicode char U+00C5 (decimal 197)
   defining Unicode char U+00C6 (decimal 198)
   defining Unicode char U+00C7 (decimal 199)
   defining Unicode char U+00C8 (decimal 200)
   defining Unicode char U+00C9 (decimal 201)
   defining Unicode char U+00CA (decimal 202)
   defining Unicode char U+00CB (decimal 203)
   defining Unicode char U+00CC (decimal 204)
   defining Unicode char U+00CD (decimal 205)
   defining Unicode char U+00CE (decimal 206)
   defining Unicode char U+00CF (decimal 207)
   defining Unicode char U+00D0 (decimal 208)
   defining Unicode char U+00D1 (decimal 209)
   defining Unicode char U+00D2 (decimal 210)
   defining Unicode char U+00D3 (decimal 211)
   defining Unicode char U+00D4 (decimal 212)
   defining Unicode char U+00D5 (decimal 213)
   defining Unicode char U+00D6 (decimal 214)
   defining Unicode char U+00D8 (decimal 216)
   defining Unicode char U+00D9 (decimal 217)
   defining Unicode char U+00DA (decimal 218)
   defining Unicode char U+00DB (decimal 219)
   defining Unicode char U+00DC (decimal 220)
   defining Unicode char U+00DD (decimal 221)
   defining Unicode char U+00DE (decimal 222)
   defining Unicode char U+00DF (decimal 223)
   defining Unicode char U+00E0 (decimal 224)
   defining Unicode char U+00E1 (decimal 225)
   defining Unicode char U+00E2 (decimal 226)
   defining Unicode char U+00E3 (decimal 227)
   defining Unicode char U+00E4 (decimal 228)
   defining Unicode char U+00E5 (decimal 229)
   defining Unicode char U+00E6 (decimal 230)
   defining Unicode char U+00E7 (decimal 231)
   defining Unicode char U+00E8 (decimal 232)
   defining Unicode char U+00E9 (decimal 233)
   defining Unicode char U+00EA (decimal 234)
   defining Unicode char U+00EB (decimal 235)
   defining Unicode char U+00EC (decimal 236)
   defining Unicode char U+00ED (decimal 237)
   defining Unicode char U+00EE (decimal 238)
   defining Unicode char U+00EF (decimal 239)
   defining Unicode char U+00F0 (decimal 240)
   defining Unicode char U+00F1 (decimal 241)
   defining Unicode char U+00F2 (decimal 242)
   defining Unicode char U+00F3 (decimal 243)
   defining Unicode char U+00F4 (decimal 244)
   defining Unicode char U+00F5 (decimal 245)
   defining Unicode char U+00F6 (decimal 246)
   defining Unicode char U+00F8 (decimal 248)
   defining Unicode char U+00F9 (decimal 249)
   defining Unicode char U+00FA (decimal 250)
   defining Unicode char U+00FB (decimal 251)
   defining Unicode char U+00FC (decimal 252)
   defining Unicode char U+00FD (decimal 253)
   defining Unicode char U+00FE (decimal 254)
   defining Unicode char U+00FF (decimal 255)
   defining Unicode char U+0102 (decimal 258)
   defining Unicode char U+0103 (decimal 259)
   defining Unicode char U+0104 (decimal 260)
   defining Unicode char U+0105 (decimal 261)
   defining Unicode char U+0106 (decimal 262)
   defining Unicode char U+0107 (decimal 263)
   defining Unicode char U+010C (decimal 268)
   defining Unicode char U+010D (decimal 269)
   defining Unicode char U+010E (decimal 270)
   defining Unicode char U+010F (decimal 271)
   defining Unicode char U+0110 (decimal 272)
   defining Unicode char U+0111 (decimal 273)
   defining Unicode char U+0118 (decimal 280)
   defining Unicode char U+0119 (decimal 281)
   defining Unicode char U+011A (decimal 282)
   defining Unicode char U+011B (decimal 283)
   defining Unicode char U+011E (decimal 286)
   defining Unicode char U+011F (decimal 287)
   defining Unicode char U+0130 (decimal 304)
   defining Unicode char U+0131 (decimal 305)
   defining Unicode char U+0132 (decimal 306)
   defining Unicode char U+0133 (decimal 307)
   defining Unicode char U+0139 (decimal 313)
   defining Unicode char U+013A (decimal 314)
   defining Unicode char U+013D (decimal 317)
   defining Unicode char U+013E (decimal 318)
   defining Unicode char U+0141 (decimal 321)
   defining Unicode char U+0142 (decimal 322)
   defining Unicode char U+0143 (decimal 323)
   defining Unicode char U+0144 (decimal 324)
   defining Unicode char U+0147 (decimal 327)
   defining Unicode char U+0148 (decimal 328)
   defining Unicode char U+014A (decimal 330)
   defining Unicode char U+014B (decimal 331)
   defining Unicode char U+0150 (decimal 336)
   defining Unicode char U+0151 (decimal 337)
   defining Unicode char U+0152 (decimal 338)
   defining Unicode char U+0153 (decimal 339)
   defining Unicode char U+0154 (decimal 340)
   defining Unicode char U+0155 (decimal 341)
   defining Unicode char U+0158 (decimal 344)
   defining Unicode char U+0159 (decimal 345)
   defining Unicode char U+015A (decimal 346)
   defining Unicode char U+015B (decimal 347)
   defining Unicode char U+015E (decimal 350)
   defining Unicode char U+015F (decimal 351)
   defining Unicode char U+0160 (decimal 352)
   defining Unicode char U+0161 (decimal 353)
   defining Unicode char U+0162 (decimal 354)
   defining Unicode char U+0163 (decimal 355)
   defining Unicode char U+0164 (decimal 356)
   defining Unicode char U+0165 (decimal 357)
   defining Unicode char U+016E (decimal 366)
   defining Unicode char U+016F (decimal 367)
   defining Unicode char U+0170 (decimal 368)
   defining Unicode char U+0171 (decimal 369)
   defining Unicode char U+0178 (decimal 376)
   defining Unicode char U+0179 (decimal 377)
   defining Unicode char U+017A (decimal 378)
   defining Unicode char U+017B (decimal 379)
   defining Unicode char U+017C (decimal 380)
   defining Unicode char U+017D (decimal 381)
   defining Unicode char U+017E (decimal 382)
   defining Unicode char U+200C (decimal 8204)
   defining Unicode char U+2013 (decimal 8211)
   defining Unicode char U+2014 (decimal 8212)
   defining Unicode char U+2018 (decimal 8216)
   defining Unicode char U+2019 (decimal 8217)
   defining Unicode char U+201A (decimal 8218)
   defining Unicode char U+201C (decimal 8220)
   defining Unicode char U+201D (decimal 8221)
   defining Unicode char U+201E (decimal 8222)
   defining Unicode char U+2030 (decimal 8240)
   defining Unicode char U+2031 (decimal 8241)
   defining Unicode char U+2039 (decimal 8249)
   defining Unicode char U+203A (decimal 8250)
   defining Unicode char U+2423 (decimal 9251)
)
Now handling font encoding OT1 ...
... processing UTF-8 mapping file for font encoding OT1

(/usr/share/texlive/texmf-dist/tex/latex/base/ot1enc.dfu
File: ot1enc.dfu 2008/04/05 v1.1m UTF-8 support for inputenc
   defining Unicode char U+00A1 (decimal 161)
   defining Unicode char U+00A3 (decimal 163)
   defining Unicode char U+00B8 (decimal 184)
   defining Unicode char U+00BF (decimal 191)
   defining Unicode char U+00C5 (decimal 197)
   defining Unicode char U+00C6 (decimal 198)
   defining Unicode char U+00D8 (decimal 216)
   defining Unicode char U+00DF (decimal 223)
   defining Unicode char U+00E6 (decimal 230)
   defining Unicode char U+00EC (decimal 236)
   defining Unicode char U+00ED (decimal 237)
   defining Unicode char U+00EE (decimal 238)
   defining Unicode char U+00EF (decimal 239)
   defining Unicode char U+00F8 (decimal 248)
   defining Unicode char U+0131 (decimal 305)
   defining Unicode char U+0141 (decimal 321)
   defining Unicode char U+0142 (decimal 322)
   defining Unicode char U+0152 (decimal 338)
   defining Unicode char U+0153 (decimal 339)
   defining Unicode char U+2013 (decimal 8211)
   defining Unicode char U+2014 (decimal 8212)
   defining Unicode char U+2018 (decimal 8216)
   defining Unicode char U+2019 (decimal 8217)
   defining Unicode char U+201C (decimal 8220)
   defining Unicode char U+201D (decimal 8221)
)
Now handling font encoding OMS ...
... processing UTF-8 mapping file for font encoding OMS

(/usr/share/texlive/texmf-dist/tex/latex/base/omsenc.dfu
File: omsenc.dfu 2008/04/05 v1.1m UTF-8 support for inputenc
   defining Unicode char U+00A7 (decimal 167)
   defining Unicode char U+00B6 (decimal 182)
   defining Unicode char U+00B7 (decimal 183)
   defining Unicode char U+2020 (decimal 8224)
   defining Unicode char U+2021 (decimal 8225)
   defining Unicode char U+2022 (decimal 8226)
)
Now handling font encoding OMX ...
... no UTF-8 mapping file for font encoding OMX
Now handling font encoding U ...
... no UTF-8 mapping file for font encoding U
   defining Unicode char U+00A9 (decimal 169)
   defining Unicode char U+00AA (decimal 170)
   defining Unicode char U+00AE (decimal 174)
   defining Unicode char U+00BA (decimal 186)
   defining Unicode char U+02C6 (decimal 710)
   defining Unicode char U+02DC (decimal 732)
   defining Unicode char U+200C (decimal 8204)
   defining Unicode char U+2026 (decimal 8230)
   defining Unicode char U+2122 (decimal 8482)
   defining Unicode char U+2423 (decimal 9251)
))
(/usr/share/texlive/texmf-dist/tex/latex/base/fontenc.sty
Package: fontenc 2005/09/27 v1.99g Standard LaTeX package

(/usr/share/texlive/texmf-dist/tex/latex/base/t1enc.def
File: t1enc.def 2005/09/27 v1.99g Standard LaTeX file
LaTeX Font Info:    Redeclaring font encoding T1 on input line 43.
))
(/usr/share/texlive/texmf-dist/tex/latex/wrapfig/wrapfig.sty
\wrapoverhang=\dimen115
\WF@size=\dimen116
\c@WF@wrappedlines=\count101
\WF@box=\box28
\WF@everypar=\toks22
Package: wrapfig 2003/01/31  v 3.6
)
\c@theorem=\count102

(./12a_Funcoes_Analiticas_thacia.aux)
\openout1 = `12a_Funcoes_Analiticas_thacia.aux'.

LaTeX Font Info:    Checking defaults for OML/cmm/m/it on input line 54.
LaTeX Font Info:    ... okay on input line 54.
LaTeX Font Info:    Checking defaults for T1/cmr/m/n on input line 54.
LaTeX Font Info:    ... okay on input line 54.
LaTeX Font Info:    Checking defaults for OT1/cmr/m/n on input line 54.
LaTeX Font Info:    ... okay on input line 54.
LaTeX Font Info:    Checking defaults for OMS/cmsy/m/n on input line 54.
LaTeX Font Info:    ... okay on input line 54.
LaTeX Font Info:    Checking defaults for OMX/cmex/m/n on input line 54.
LaTeX Font Info:    ... okay on input line 54.
LaTeX Font Info:    Checking defaults for U/cmr/m/n on input line 54.
LaTeX Font Info:    ... okay on input line 54.

(/usr/share/texlive/texmf-dist/tex/context/base/supp-pdf.mkii
[Loading MPS to PDF converter (version 2006.09.02).]
\scratchcounter=\count103
\scratchdimen=\dimen117
\scratchbox=\box29
\nofMPsegments=\count104
\nofMParguments=\count105
\everyMPshowfont=\toks23
\MPscratchCnt=\count106
\MPscratchDim=\dimen118
\MPnumerator=\count107
\makeMPintoPDFobject=\count108
\everyMPtoPDFconversion=\toks24
) (/usr/share/texlive/texmf-dist/tex/generic/oberdiek/pdftexcmds.sty
Package: pdftexcmds 2011/11/29 v0.20 Utility functions of pdfTeX for LuaTeX (HO
)

(/usr/share/texlive/texmf-dist/tex/generic/oberdiek/ifluatex.sty
Package: ifluatex 2010/03/01 v1.3 Provides the ifluatex switch (HO)
Package ifluatex Info: LuaTeX not detected.
)
(/usr/share/texlive/texmf-dist/tex/generic/oberdiek/ifpdf.sty
Package: ifpdf 2011/01/30 v2.3 Provides the ifpdf switch (HO)
Package ifpdf Info: pdfTeX in PDF mode is detected.
)
Package pdftexcmds Info: LuaTeX not detected.
Package pdftexcmds Info: \pdf@primitive is available.
Package pdftexcmds Info: \pdf@ifprimitive is available.
Package pdftexcmds Info: \pdfdraftmode found.
)
(/usr/share/texlive/texmf-dist/tex/latex/oberdiek/epstopdf-base.sty
Package: epstopdf-base 2010/02/09 v2.5 Base part for package epstopdf

(/usr/share/texlive/texmf-dist/tex/latex/oberdiek/grfext.sty
Package: grfext 2010/08/19 v1.1 Manage graphics extensions (HO)

(/usr/share/texlive/texmf-dist/tex/generic/oberdiek/kvdefinekeys.sty
Package: kvdefinekeys 2011/04/07 v1.3 Define keys (HO)
))
(/usr/share/texlive/texmf-dist/tex/latex/oberdiek/kvoptions.sty
Package: kvoptions 2011/06/30 v3.11 Key value format for package options (HO)

(/usr/share/texlive/texmf-dist/tex/generic/oberdiek/kvsetkeys.sty
Package: kvsetkeys 2012/04/25 v1.16 Key value parser (HO)

(/usr/share/texlive/texmf-dist/tex/generic/oberdiek/etexcmds.sty
Package: etexcmds 2011/02/16 v1.5 Avoid name clashes with e-TeX commands (HO)
Package etexcmds Info: Could not find \expanded.
(etexcmds)             That can mean that you are not using pdfTeX 1.50 or
(etexcmds)             that some package has redefined \expanded.
(etexcmds)             In the latter case, load this package earlier.
)))
Package grfext Info: Graphics extension search list:
(grfext)             [.png,.pdf,.jpg,.mps,.jpeg,.jbig2,.jb2,.PNG,.PDF,.JPG,.JPE
G,.JBIG2,.JB2,.eps]
(grfext)             \AppendGraphicsExtensions on input line 452.

(/usr/share/texlive/texmf-dist/tex/latex/latexconfig/epstopdf-sys.cfg
File: epstopdf-sys.cfg 2010/07/13 v1.3 Configuration of (r)epstopdf for TeX Liv
e
))

LaTeX Font Warning: Font shape `T1/cmr/bx/n' in size <18> not available
(Font)              size <17.28> substituted on input line 56.


Underfull \hbox (badness 10000) in paragraph at lines 56--57

 []


Underfull \hbox (badness 10000) in paragraph at lines 56--57

 []

[1

{/var/lib/texmf/fonts/map/pdftex/updmap/pdftex.map}] [2]
Underfull \hbox (badness 10000) in paragraph at lines 109--110

 []


Underfull \hbox (badness 10000) in paragraph at lines 109--110

 []


Underfull \hbox (badness 10000) in paragraph at lines 113--114

 []


Underfull \hbox (badness 10000) in paragraph at lines 115--116

 []


Underfull \hbox (badness 10000) in paragraph at lines 117--118

 []


Underfull \hbox (badness 10000) in paragraph at lines 119--120

 []


Underfull \hbox (badness 10000) in paragraph at lines 121--122

 []


Underfull \hbox (badness 10000) in paragraph at lines 123--124

 []


Underfull \hbox (badness 10000) in paragraph at lines 126--127

 []


Underfull \hbox (badness 10000) in paragraph at lines 128--129

 []


Underfull \hbox (badness 10000) in paragraph at lines 131--132

 []


Underfull \hbox (badness 10000) in paragraph at lines 134--135

 []


Underfull \hbox (badness 10000) in paragraph at lines 137--138

 []


Underfull \hbox (badness 10000) in paragraph at lines 139--140

 []


Underfull \hbox (badness 10000) in paragraph at lines 141--142

 []


Underfull \hbox (badness 10000) in paragraph at lines 143--144

 []


Underfull \hbox (badness 10000) in paragraph at lines 145--146

 []


Underfull \hbox (badness 10000) in paragraph at lines 147--148

 []

[3]
Underfull \hbox (badness 10000) in paragraph at lines 151--152

 []


Underfull \hbox (badness 10000) in paragraph at lines 151--152

 []

LaTeX Font Info:    Try loading font information for U+msa on input line 170.
(/usr/share/texlive/texmf-dist/tex/latex/amsfonts/umsa.fd
File: umsa.fd 2013/01/14 v3.01 AMS symbols A
)
LaTeX Font Info:    Try loading font information for U+msb on input line 170.

(/usr/share/texlive/texmf-dist/tex/latex/amsfonts/umsb.fd
File: umsb.fd 2013/01/14 v3.01 AMS symbols B
) [4] [5] [6]
Underfull \hbox (badness 10000) in paragraph at lines 548--549

 []


Underfull \hbox (badness 10000) in paragraph at lines 548--549

 []


LaTeX Font Warning: Font shape `T1/cmr/bx/n' in size <20> not available
(Font)              size <20.74> substituted on input line 550.


Underfull \hbox (badness 10000) in paragraph at lines 550--551

 []


Underfull \hbox (badness 10000) in paragraph at lines 550--551

 []


Underfull \hbox (badness 10000) in paragraph at lines 550--551

 []

[7] [8] [9] <1.png, id=47, 284.0211pt x 99.37125pt>
File: 1.png Graphic file (type png)
 <use 1.png>
Package pdftex.def Info: 1.png used on input line 1190.
(pdftex.def)             Requested size: 284.0204pt x 99.371pt.

Overfull \hbox (19.58577pt too wide) in paragraph at lines 1242--1253
[]\T1/cmr/m/n/10 (1.5.2.)$  []$ 
 []

[10 <./1.png>]
Underfull \hbox (badness 10000) in paragraph at lines 1400--1402

 []

[11]
Overfull \hbox (8.79027pt too wide) in paragraph at lines 1506--1540
[]$\OML/cmm/m/it/10 g[]\OT1/cmr/m/n/10 (\OML/cmm/m/it/10 z\OT1/cmr/m/n/10 ) = [
][] = \OMS/cmsy/m/n/10 ^^@[][] \OT1/cmr/m/n/10 = \OMS/cmsy/m/n/10 ^^@[]\OML/cmm
/m/it/10 :$ 
 []

[12] [13] [14] [15]
Underfull \hbox (badness 10000) in paragraph at lines 2402--2403

 []


Underfull \hbox (badness 10000) in paragraph at lines 2402--2403

 []


Underfull \hbox (badness 10000) in paragraph at lines 2404--2405

 []


Underfull \hbox (badness 10000) in paragraph at lines 2406--2407

 []


Underfull \hbox (badness 10000) in paragraph at lines 2406--2407

 []


Underfull \hbox (badness 10000) in paragraph at lines 2406--2407

 []

[16] [17] [18] [19] [20] [21] [22] [23] [24] [25] [26] [27] [28] [29] [30]
Underfull \hbox (badness 10000) in paragraph at lines 6611--6612

 []


Underfull \hbox (badness 10000) in paragraph at lines 6611--6612

 []


Underfull \hbox (badness 10000) in paragraph at lines 6613--6614

 []


Underfull \hbox (badness 10000) in paragraph at lines 6613--6614

 []


Underfull \hbox (badness 10000) in paragraph at lines 6613--6614

 []

[31] [32] [33] [34] [35]
Underfull \hbox (badness 10000) in paragraph at lines 7622--7623

 []

[36] <2.png, id=144, 277.5168pt x 87.08534pt>
File: 2.png Graphic file (type png)
 <use 2.png>
Package pdftex.def Info: 2.png used on input line 7644.
(pdftex.def)             Requested size: 277.51611pt x 87.08513pt.
 [37 <./2.png>]
Underfull \hbox (badness 10000) in paragraph at lines 7754--7755

 []


Underfull \hbox (badness 10000) in paragraph at lines 7756--7757

 []


Underfull \hbox (badness 10000) in paragraph at lines 7758--7761

 []

[38] [39] [40] [41] <3.png, id=163, 113.82526pt x 72.45067pt>
File: 3.png Graphic file (type png)
 <use 3.png>
Package pdftex.def Info: 3.png used on input line 8379.
(pdftex.def)             Requested size: 113.82497pt x 72.45047pt.

[42 <./3.png>] [43] [44] [45] [46] [47] [48]
Underfull \hbox (badness 10000) in paragraph at lines 9696--9697

 []


Underfull \hbox (badness 10000) in paragraph at lines 9696--9697

 []


Underfull \hbox (badness 10000) in paragraph at lines 9698--9699

 []


Underfull \hbox (badness 10000) in paragraph at lines 9698--9699

 []


Underfull \hbox (badness 10000) in paragraph at lines 9698--9699

 []


Underfull \hbox (badness 10000) in paragraph at lines 9735--9736

 []

[49]
Underfull \hbox (badness 10000) in paragraph at lines 9834--9835

 []


Underfull \hbox (badness 10000) in paragraph at lines 9836--9838

 []


Underfull \hbox (badness 10000) in paragraph at lines 9901--9902

 []


Underfull \hbox (badness 10000) in paragraph at lines 9903--9905

 []

[50] [51] [52] [53] [54] [55] [56] <4.png, id=214, 159.89737pt x 136.86131pt>
File: 4.png Graphic file (type png)

<use 4.png>
Package pdftex.def Info: 4.png used on input line 10902.
(pdftex.def)             Requested size: 103.50105pt x 88.59332pt.
 [57 <./4.png>] [58] [59]
<5.png, id=225, 195.69145pt x 159.18503pt>
File: 5.png Graphic file (type png)
 <use 5.png>
Package pdftex.def Info: 5.png used on input line 11465.
(pdftex.def)             Requested size: 195.69096pt x 159.18463pt.
 [60 <./5.png>]
Underfull \hbox (badness 10000) in paragraph at lines 11486--11488

 []

[61] [62] [63] [64] [65] [66] [67] [68] [69] [70]
Underfull \hbox (badness 10000) in paragraph at lines 12794--12795

 []


Underfull \hbox (badness 10000) in paragraph at lines 12794--12795

 []


Underfull \hbox (badness 10000) in paragraph at lines 12796--12797

 []


Underfull \hbox (badness 10000) in paragraph at lines 12796--12797

 []


Underfull \hbox (badness 10000) in paragraph at lines 12796--12797

 []

[71] [72] [73] [74] [75] <6.png, id=280, 113.44586pt x 74.44553pt>
File: 6.png Graphic file (type png)
 <use 6.png>
Package pdftex.def Info: 6.png used on input line 13648.
(pdftex.def)             Requested size: 120.7521pt x 79.24014pt.

Underfull \hbox (badness 10000) in paragraph at lines 13656--13657

 []


Underfull \hbox (badness 10000) in paragraph at lines 13661--13667

 []


Underfull \hbox (badness 10000) in paragraph at lines 13672--13676

 []


Underfull \hbox (badness 10000) in paragraph at lines 13672--13676

 []

<8.png, id=281, 84.99168pt x 87.33752pt>
File: 8.png Graphic file (type png)
 <use 8.png>
Package pdftex.def Info: 8.png used on input line 13691.
(pdftex.def)             Requested size: 58.64937pt x 60.2696pt.
 [76 <./6.png>]
Underfull \hbox (badness 10000) in paragraph at lines 13698--13699

 []


Underfull \hbox (badness 10000) in paragraph at lines 13698--13699

 []

[77 <./8.png>] [78] [79]
Underfull \hbox (badness 10000) in paragraph at lines 14293--14295

 []

<9.png, id=297, 166.67268pt x 115.72234pt>
File: 9.png Graphic file (type png)
 <use 9.png>
Package pdftex.def Info: 9.png used on input line 14307.
(pdftex.def)             Requested size: 166.67227pt x 115.72205pt.
 [80 <./9.png>]
Overfull \hbox (6.13698pt too wide) in paragraph at lines 14390--14399
[]\T1/cmr/bx/n/10 Exemplo 1  \T1/cmr/m/n/10 Se con-si-dera a CSDF  $\OT1/cmr/m/
n/10 ^^@ : [] \OMS/cmsy/m/n/10 ! \U/msb/m/n/10 C$  \T1/cmr/m/n/10 de-fi-nida po
r                               
 []

<10.png, id=302, 112.7412pt x 114.09627pt>
File: 10.png Graphic file (type png)
 <use 10.png>
Package pdftex.def Info: 10.png used on input line 14403.
(pdftex.def)             Requested size: 68.99895pt x 69.8319pt.

Underfull \hbox (badness 10000) in paragraph at lines 14429--14430

 []

<11.png, id=303, 84.19455pt x 88.53075pt>
File: 11.png Graphic file (type png)
 <use 11.png>
Package pdftex.def Info: 11.png used on input line 14490.
(pdftex.def)             Requested size: 137.9979pt x 145.11566pt.

Overfull \hbox (48.64903pt too wide) in paragraph at lines 14494--14509
[][]   $\OT1/cmr/m/n/10 ^^@(\OML/cmm/m/it/10 t\OT1/cmr/m/n/10 ) := []$ 
 []

[81 <./10.png> <./11.png>]
Overfull \hbox (89.51086pt too wide) in paragraph at lines 14544--14582
[]\T1/cmr/m/sc/10 I\T1/cmr/m/n/10 nd$[]\OT1/cmr/m/n/10 (5\OML/cmm/m/it/10 i\OT1
/cmr/m/n/10 ) = [][][][] = [] []$ 
 []


Overfull \hbox (127.01382pt too wide) in paragraph at lines 14585--14637
[]$[][][] \OT1/cmr/m/n/10 = [] []$ 
 []


Overfull \hbox (33.6948pt too wide) in paragraph at lines 14645--14682
[]$[][] \OT1/cmr/m/n/10 + [][] = [][]$
 []

[82] [83]
Underfull \hbox (badness 10000) in paragraph at lines 15306--15307

 []


LaTeX Font Warning: Command \small invalid in math mode on input line 15308.

[84] <12.png, id=319, 84.73657pt x 54.02182pt>
File: 12.png Graphic file (type png)
 <use 12.png>
Package pdftex.def Info: 12.png used on input line 15451.
(pdftex.def)             Requested size: 103.50105pt x 65.98563pt.

Underfull \hbox (badness 10000) in paragraph at lines 15462--15463

 []


Underfull \hbox (badness 10000) in paragraph at lines 15462--15463

 []


Underfull \hbox (badness 10000) in paragraph at lines 15468--15469

 []


Underfull \hbox (badness 10000) in paragraph at lines 15468--15469

 []

[85 <./12.png>] <14-3.png, id=325, 127.02pt x 71.248pt>
File: 14-3.png Graphic file (type png)
 <use 14-3.png>
Package pdftex.def Info: 14-3.png used on input line 15681.
(pdftex.def)             Requested size: 120.7521pt x 67.73413pt.
 [86]
[87 <./14-3.png>] <13.png, id=333, 84.91725pt x 73.53473pt>
File: 13.png Graphic file (type png)
 <use 13.png>
Package pdftex.def Info: 13.png used on input line 15898.
(pdftex.def)             Requested size: 103.50105pt x 89.6303pt.

<14.png, id=334, 127.02pt x 71.248pt>
File: 14.png Graphic file (type png)
 <use 14.png>
Package pdftex.def Info: 14.png used on input line 15992.
(pdftex.def)             Requested size: 120.7521pt x 67.73413pt.
 [88 <./13.png>]
Underfull \hbox (badness 10000) in paragraph at lines 16004--16005

 []


Underfull \hbox (badness 10000) in paragraph at lines 16006--16007

 []


Underfull \hbox (badness 10000) in paragraph at lines 16012--16013

 []

<16.png, id=339, 154.614pt x 96.798pt>
File: 16.png Graphic file (type png)
 <use 16.png>
Package pdftex.def Info: 16.png used on input line 16075.
(pdftex.def)             Requested size: 86.25pt x 53.99825pt.

Underfull \hbox (badness 10000) in paragraph at lines 16080--16081

 []


Package wrapfig Warning: Collision between wrapping environments on input line 
16087.

<15.png, id=340, 141.912pt x 90.009pt>
File: 15.png Graphic file (type png)
 <use 15.png>
Package pdftex.def Info: 15.png used on input line 16089.
(pdftex.def)             Requested size: 86.25pt x 54.70624pt.


Package wrapfig Warning: Stationary wrapfigure forced to float on input line 16
093.


Underfull \hbox (badness 10000) in paragraph at lines 16093--16094

 []


Package wrapfig Warning: Stationary wrapfigure forced to float on input line 16
099.


Underfull \hbox (badness 10000) in paragraph at lines 16099--16100

 []


Underfull \hbox (badness 10000) in paragraph at lines 16099--16100

 []


Underfull \hbox (badness 10000) in paragraph at lines 16104--16105

 []


Underfull \hbox (badness 10000) in paragraph at lines 16112--16113

 []


Underfull \hbox (badness 10000) in paragraph at lines 16112--16113

 []


Underfull \hbox (badness 10000) in paragraph at lines 16112--16113

 []

[89 <./14.png> <./16.png> <./15.png>] <17.png, id=347, 133.298pt x 128.48pt>
File: 17.png Graphic file (type png)

<use 17.png>
Package pdftex.def Info: 17.png used on input line 16144.
(pdftex.def)             Requested size: 68.99895pt x 66.50415pt.

Underfull \hbox (badness 10000) in paragraph at lines 16160--16161

 []

[90 <./17.png>] [91]
Underfull \hbox (badness 10000) in paragraph at lines 16588--16589

 []

<18.png, id=356, 128.918pt x 114.026pt>
File: 18.png Graphic file (type png)
 <use 18.png>
Package pdftex.def Info: 18.png used on input line 16594.
(pdftex.def)             Requested size: 103.50105pt x 91.54626pt.

Underfull \hbox (badness 10000) in paragraph at lines 16610--16611

 []


Underfull \hbox (badness 10000) in paragraph at lines 16610--16611

 []

[92 <./18.png>]
Overfull \hbox (57.30373pt too wide) in paragraph at lines 16613--16620
[]$\OT1/cmr/m/n/10 (5\OML/cmm/m/it/10 :\OT1/cmr/m/n/10 9\OML/cmm/m/it/10 :\OT1/
cmr/m/n/10 1)$   $[]$  $                                                $ 
 []


Underfull \hbox (badness 10000) in paragraph at lines 16613--16620

 []


Underfull \hbox (badness 10000) in paragraph at lines 16625--16626

 []


Underfull \hbox (badness 10000) in paragraph at lines 16639--16640

 []


Underfull \hbox (badness 10000) in paragraph at lines 16643--16644

 []


Underfull \hbox (badness 10000) in paragraph at lines 16651--16652

 []


Underfull \hbox (badness 10000) in paragraph at lines 16653--16654

 []


Underfull \hbox (badness 10000) in paragraph at lines 16655--16656

 []


Underfull \hbox (badness 10000) in paragraph at lines 16663--16664

 []

[93] [94] [95] [96] [97] [98] [99] <7.png, id=383, 113.55424pt x 71.5473pt>
File: 7.png Graphic file (type png)

<use 7.png>
Package pdftex.def Info: 7.png used on input line 17873.
(pdftex.def)             Requested size: 113.55396pt x 71.5471pt.
 [100 <./7.png>] [101] [102] [103] [104] [105]
Underfull \hbox (badness 10000) in paragraph at lines 18870--18871

 []


Underfull \hbox (badness 10000) in paragraph at lines 18870--18871

 []


Underfull \hbox (badness 10000) in paragraph at lines 18872--18873

 []


Underfull \hbox (badness 10000) in paragraph at lines 18874--18875

 []


Underfull \hbox (badness 10000) in paragraph at lines 18876--18877

 []


Underfull \hbox (badness 10000) in paragraph at lines 18878--18879

 []


Underfull \hbox (badness 10000) in paragraph at lines 18880--18881

 []


Underfull \hbox (badness 10000) in paragraph at lines 18880--18881

 []


Underfull \hbox (badness 10000) in paragraph at lines 18880--18881

 []

<19.png, id=405, 128.991pt x 94.827pt>
File: 19.png Graphic file (type png)
 <use 19.png>
Package pdftex.def Info: 19.png used on input line 18952.
(pdftex.def)             Requested size: 103.50105pt x 76.09175pt.
 [106 <./19.png>]
Overfull \hbox (45.54678pt too wide) in paragraph at lines 19059--19077
[]$\OML/cmm/m/it/10 g\OT1/cmr/m/n/10 (\OML/cmm/m/it/10 z; w\OT1/cmr/m/n/10 ) \O
MS/cmsy/m/n/10 ^^@ \OML/cmm/m/it/10 g\OT1/cmr/m/n/10 (\OML/cmm/m/it/10 a; a\OT1
/cmr/m/n/10 ) = []$ 
 []


Overfull \hbox (169.04633pt too wide) in paragraph at lines 19083--19112
[]$[] \OT1/cmr/m/n/10 = []$ 
 []

[107] [108] [109] [110] <20.png, id=423, 827.72157pt x 304.68887pt>
File: 20.png Graphic file (type png)

<use 20.png>
Package pdftex.def Info: 20.png used on input line 19784.
(pdftex.def)             Requested size: 276.00105pt x 101.59369pt.
 [111] [112 <./20.png>] <21.png, id=430, 322.6436pt x 102.22461pt>
File: 21.png Graphic file (type png)

<use 21.png>
Package pdftex.def Info: 21.png used on input line 20015.
(pdftex.def)             Requested size: 276.00105pt x 87.45128pt.

Overfull \hbox (4.93036pt too wide) in paragraph at lines 20018--20020
[]\T1/cmr/m/n/10 mostra a ima-gem in-versa de $\OML/cmm/m/it/10 D[]\OT1/cmr/m/n
/10 (\OML/cmm/m/it/10 w[]\OT1/cmr/m/n/10 )$ \T1/cmr/m/n/10 e a ima-gem in-versa
 do raio $[] \OML/cmm/m/it/10 :$ 
 []

[113 <./21.png>] [114] [115] [116] [117] [118] [119]
Overfull \hbox (21.07544pt too wide) in paragraph at lines 21200--21217
[] $\OML/cmm/m/it/10 D[] \OT1/cmr/m/n/10 = \U/msb/m/n/10 C\OMS/cmsy/m/n/10 n\OM
L/cmm/m/it/10 L[] \OT1/cmr/m/n/10 = [] \OML/cmm/m/it/10 :$ \T1/cmr/m/it/10 Além
 disso, se $\OML/cmm/m/it/10 R[] \OT1/cmr/m/n/10 := []$ 
 []

<23.png, id=454, 1138.2525pt x 559.08875pt>
File: 23.png Graphic file (type png)
 <use 23.png>
Package pdftex.def Info: 23.png used on input line 21224.
(pdftex.def)             Requested size: 276.00105pt x 135.56606pt.
 [120 <./23.png>]
[121] [122] [123] [124] <fig4.png, id=472, 700.6175pt x 423.5825pt>
File: fig4.png Graphic file (type png)

<use fig4.png>
Package pdftex.def Info: fig4.png used on input line 22064.
(pdftex.def)             Requested size: 137.9979pt x 83.42879pt.
 [125]

LaTeX Warning: Command \textbar invalid in math mode on input line 22091.

<fig5.png, id=476, 725.71124pt x 421.575pt>
File: fig5.png Graphic file (type png)
 <use fig5.png>
Package pdftex.def Info: fig5.png used on input line 22110.
(pdftex.def)             Requested size: 137.9979pt x 80.1644pt.

<fig55.png, id=477, 1505.625pt x 401.5pt>
File: fig55.png Graphic file (type png)
 <use fig55.png>
Package pdftex.def Info: fig55.png used on input line 22149.
(pdftex.def)             Requested size: 345.0pt x 91.99997pt.
 [126 <./fig4.png> <./fig5.png> <./fig55.png>] [127] [128]
<24.png, id=491, 447.6725pt x 450.68375pt>
File: 24.png Graphic file (type png)
 <use 24.png>
Package pdftex.def Info: 24.png used on input line 22555.
(pdftex.def)             Requested size: 93.15147pt x 93.77301pt.
 [129 <./24.png>]
[130] [131]
Underfull \hbox (badness 10000) in paragraph at lines 23085--23093

 []

[132] [133] [134] [135] [136] [137]
Underfull \hbox (badness 10000) in paragraph at lines 24164--24165

 []


Underfull \hbox (badness 10000) in paragraph at lines 24164--24165

 []


Underfull \hbox (badness 10000) in paragraph at lines 24166--24167

 []


Underfull \hbox (badness 10000) in paragraph at lines 24168--24169

 []


Underfull \hbox (badness 10000) in paragraph at lines 24168--24169

 []


Underfull \hbox (badness 10000) in paragraph at lines 24168--24169

 []


Underfull \hbox (badness 10000) in paragraph at lines 24200--24201

 []

LaTeX Font Info:    Try loading font information for U+euf on input line 24202.

(/usr/share/texlive/texmf-dist/tex/latex/amsfonts/ueuf.fd
File: ueuf.fd 2013/01/14 v3.01 Euler Fraktur
)
Underfull \hbox (badness 10000) in paragraph at lines 24202--24209

 []


Underfull \hbox (badness 10000) in paragraph at lines 24233--24239

 []


Underfull \hbox (badness 10000) in paragraph at lines 24240--24247

 []


Underfull \hbox (badness 10000) in paragraph at lines 24319--24320

 []

[138]
Underfull \hbox (badness 10000) in paragraph at lines 24321--24338

 []


Underfull \hbox (badness 10000) in paragraph at lines 24339--24340

 []


Underfull \hbox (badness 10000) in paragraph at lines 24460--24461

 []


Underfull \hbox (badness 10000) in paragraph at lines 24462--24478

 []

[139]
Underfull \hbox (badness 10000) in paragraph at lines 24540--24547

 []


Underfull \hbox (badness 10000) in paragraph at lines 24602--24604

 []


Underfull \hbox (badness 10000) in paragraph at lines 24608--24610

 []


Underfull \hbox (badness 10000) in paragraph at lines 24611--24613

 []

<25.png, id=531, 443.6575pt x 280.04625pt>
File: 25.png Graphic file (type png)
 <use 25.png>
Package pdftex.def Info: 25.png used on input line 24636.
(pdftex.def)             Requested size: 103.50105pt x 65.328pt.
 [140]

Package wrapfig Warning: Collision between wrapping environments on input line 
24659.

<26.png, id=535, 640.3925pt x 559.08875pt>
File: 26.png Graphic file (type png)
 <use 26.png>
Package pdftex.def Info: 26.png used on input line 24661.
(pdftex.def)             Requested size: 137.9979pt x 120.47472pt.


Package wrapfig Warning: Stationary wrapfigure forced to float on input line 24
669.


Package wrapfig Warning: Stationary wrapfigure forced to float on input line 24
672.


Underfull \hbox (badness 10000) in paragraph at lines 24680--24681

 []


Underfull \hbox (badness 10000) in paragraph at lines 24705--24706

 []

[141 <./25.png> <./26.png>] [142] [143] [144] [145] [146]
<27.png, id=557, 960.58875pt x 451.6875pt>
File: 27.png Graphic file (type png)
 <use 27.png>
Package pdftex.def Info: 27.png used on input line 25902.
(pdftex.def)             Requested size: 241.49895pt x 113.55566pt.
 [147 <./27.png>]
<28.png, id=562, 1316.92pt x 559.08875pt>
File: 28.png Graphic file (type png)
 <use 28.png>
Package pdftex.def Info: 28.png used on input line 26043.
(pdftex.def)             Requested size: 310.4979pt x 131.81241pt.

<29.png, id=563, 747.79375pt x 416.55624pt>
File: 29.png Graphic file (type png)
 <use 29.png>
Package pdftex.def Info: 29.png used on input line 26062.
(pdftex.def)             Requested size: 241.49895pt x 134.52745pt.
 [148 <./28.png>]
[149 <./29.png>] <30.png, id=572, 640.3925pt x 559.08875pt>
File: 30.png Graphic file (type png)
 <use 30.png>
Package pdftex.def Info: 30.png used on input line 26212.
(pdftex.def)             Requested size: 103.50105pt x 90.3603pt.

[150 <./30.png>] <142.png, id=578, 189.95738pt x 42.01936pt>
File: 142.png Graphic file (type png)
 <use 142.png>
Package pdftex.def Info: 142.png used on input line 26419.
(pdftex.def)             Requested size: 207.0021pt x 45.79057pt.

<31.png, id=579, 747.79375pt x 416.55624pt>
File: 31.png Graphic file (type png)
 <use 31.png>
Package pdftex.def Info: 31.png used on input line 26446.
(pdftex.def)             Requested size: 189.75105pt x 105.69604pt.
 [151 <./142.png> <./31.png>] <32.png, id=585, 747.79375pt x 416.55624pt>
File: 32.png Graphic file (type png)
 <use 32.png>
Package pdftex.def Info: 32.png used on input line 26483.
(pdftex.def)             Requested size: 207.0021pt x 115.30652pt.

Overfull \hbox (207.93051pt too wide) in paragraph at lines 26519--26531
[]$\OT1/cmr/m/n/10 (7\OML/cmm/m/it/10 :\OT1/cmr/m/n/10 6\OML/cmm/m/it/10 :\OT1/
cmr/m/n/10 1)$    $  []                                                        
                                         $
 []


Underfull \hbox (badness 10000) in paragraph at lines 26519--26531

 []

[152 <./32.png>] <33.png, id=590, 845.1575pt x 283.0575pt>
File: 33.png Graphic file (type png)
 <use 33.png>
Package pdftex.def Info: 33.png used on input line 26620.
(pdftex.def)             Requested size: 241.49895pt x 80.87953pt.

[153 <./33.png>] [154] <35.png, id=598, 370.38374pt x 342.27875pt>
File: 35.png Graphic file (type png)

<use 35.png>
Package pdftex.def Info: 35.png used on input line 26922.
(pdftex.def)             Requested size: 86.25pt x 79.70432pt.
 [155 <./35.png>] <36.png, id=603, 391.4625pt x 381.425pt>
File: 36.png Graphic file (type png)

<use 36.png>
Package pdftex.def Info: 36.png used on input line 27121.
(pdftex.def)             Requested size: 120.7521pt x 117.6527pt.

Overfull \hbox (52.25537pt too wide) detected at line 27202
[][] \OMS/cmsy/m/n/10 ^^@ \OML/cmm/m/it/10 f\OT1/cmr/m/n/10 (\OML/cmm/m/it/10 ^
^P\OT1/cmr/m/n/10 ) = [][] [] \OML/cmm/m/it/10 d^^U
 []

[156 <./36.png>] [157] [158] [159] [160] [161] [162]
<38.png, id=627, 613.29124pt x 370.38374pt>
File: 38.png Graphic file (type png)
 <use 38.png>
Package pdftex.def Info: 38.png used on input line 28328.
(pdftex.def)             Requested size: 224.2479pt x 135.42912pt.
 [163] [164 <./38.png>] [165] <pag157.png, id=639, 512.91624pt x 480.79625pt>
File: pag157.png Graphic file (type png)
 <use pag157.png>
Package pdftex.def Info: pag157.png used on input line 28633.
(pdftex.def)             Requested size: 86.25pt x 80.84657pt.

Overfull \hbox (21.74316pt too wide) in paragraph at lines 28640--28641
[]                                                                             
                                       
 []

[166 <./pag157.png>] <pag158a.png, id=644, 475.7775pt x 489.83pt>
File: pag158a.png Graphic file (type png)

<use pag158a.png>
Package pdftex.def Info: pag158a.png used on input line 28748.
(pdftex.def)             Requested size: 68.99895pt x 71.03473pt.

Underfull \hbox (badness 10000) in paragraph at lines 28766--28767

 []


Underfull \hbox (badness 10000) in paragraph at lines 28769--28770

 []


Underfull \hbox (badness 10000) in paragraph at lines 28769--28770

 []

<pag158b.png, id=645, 512.91624pt x 480.79625pt>
File: pag158b.png Graphic file (type png)
 <use pag158b.png>
Package pdftex.def Info: pag158b.png used on input line 28777.
(pdftex.def)             Requested size: 68.99895pt x 64.67726pt.
 [167 <./pag158a.png> <./pag158b.png>] [168] <34.png, id=654, 686.565pt x 209.7
8375pt>
File: 34.png Graphic file (type png)

<use 34.png>
Package pdftex.def Info: 34.png used on input line 29126.
(pdftex.def)             Requested size: 172.5pt x 52.70828pt.
 [169 <./34.png>]
Underfull \hbox (badness 10000) in paragraph at lines 29167--29169

 []


Underfull \hbox (badness 10000) in paragraph at lines 29193--29205

 []


Underfull \hbox (badness 10000) in paragraph at lines 29206--29217

 []


Underfull \hbox (badness 10000) in paragraph at lines 29231--29239

 []


Underfull \hbox (badness 10000) in paragraph at lines 29251--29258

 []


Underfull \hbox (badness 10000) in paragraph at lines 29267--29273

 []


Underfull \hbox (badness 10000) in paragraph at lines 29283--29290

 []

<37.png, id=660, 711.65875pt x 487.8225pt>
File: 37.png Graphic file (type png)
 <use 37.png>
Package pdftex.def Info: 37.png used on input line 29312.
(pdftex.def)             Requested size: 207.0021pt x 141.88918pt.
 [170] [171 <./37.png>]
Underfull \hbox (badness 10000) in paragraph at lines 29369--29370

 []


Underfull \hbox (badness 10000) in paragraph at lines 29369--29370

 []


Overfull \hbox (9.6655pt too wide) in paragraph at lines 29371--29372
[]   \T1/cmr/bx/n/20.74 SIN-GU-LA-RI-DA-DES ISO-LA-DAS. 
 []


Underfull \hbox (badness 10000) in paragraph at lines 29371--29372

 []


Underfull \hbox (badness 10000) in paragraph at lines 29373--29374

 []


Underfull \hbox (badness 10000) in paragraph at lines 29375--29376

 []


Underfull \hbox (badness 10000) in paragraph at lines 29377--29378

 []


Underfull \hbox (badness 10000) in paragraph at lines 29377--29378

 []


Underfull \hbox (badness 10000) in paragraph at lines 29377--29378

 []

[172] [173] [174] [175] [176] [177] [178] [179] [180]
<39.png, id=696, 711.65875pt x 711.65875pt>
File: 39.png Graphic file (type png)
 <use 39.png>
Package pdftex.def Info: 39.png used on input line 30862.
(pdftex.def)             Requested size: 103.50105pt x 103.49734pt.

Underfull \hbox (badness 10000) in paragraph at lines 30879--30880

 []

[181 <./39.png>]
Overfull \hbox (4.18858pt too wide) in paragraph at lines 30999--31009
[]$\OT1/cmr/m/n/10 (8\OML/cmm/m/it/10 :\OT1/cmr/m/n/10 8\OML/cmm/m/it/10 :\OT1/
cmr/m/n/10 4)$  $       []$ 
 []


Overfull \hbox (16.59195pt too wide) in paragraph at lines 31021--31043
[]$\OT1/cmr/m/n/10 (8\OML/cmm/m/it/10 :\OT1/cmr/m/n/10 8\OML/cmm/m/it/10 :\OT1/
cmr/m/n/10 5)$       $[]$ 
 []


Overfull \hbox (20.48083pt too wide) in paragraph at lines 31109--31130
[]$\OT1/cmr/m/n/10 (8\OML/cmm/m/it/10 :\OT1/cmr/m/n/10 8\OML/cmm/m/it/10 :\OT1/
cmr/m/n/10 5[])$      $[]$ 
 []


Overfull \hbox (94.42085pt too wide) in paragraph at lines 31151--31174
[]$\OT1/cmr/m/n/10 (8\OML/cmm/m/it/10 :\OT1/cmr/m/n/10 8\OML/cmm/m/it/10 :\OT1/
cmr/m/n/10 7)$   $[]$ 
 []

[182]
Overfull \hbox (3.00793pt too wide) in paragraph at lines 31292--31320
[]$[][] \OT1/cmr/m/n/10 = \OMS/cmsy/m/n/10 ^^@[][][]\OML/cmm/m/it/10 d^^U \OT1/
cmr/m/n/10 = \OMS/cmsy/m/n/10 ^^@[] [] [] \OT1/cmr/m/n/10 =$ 
 []

[183]
Overfull \hbox (39.97014pt too wide) in paragraph at lines 31492--31517
[]       $[]$ 
 []


Overfull \hbox (29.13646pt too wide) in paragraph at lines 31550--31582
[]$\OT1/cmr/m/n/10 (8\OML/cmm/m/it/10 :\OT1/cmr/m/n/10 8\OML/cmm/m/it/10 :\OT1/
cmr/m/n/10 9) []$ 
 []

[184] [185] [186] [187] [188] [189] [190] [191]
<40.png, id=733, 711.65875pt x 711.65875pt>
File: 40.png Graphic file (type png)
 <use 40.png>
Package pdftex.def Info: 40.png used on input line 32847.
(pdftex.def)             Requested size: 86.25pt x 86.24236pt.
 [192 <./40.png>]
<41.png, id=738, 711.65875pt x 711.65875pt>
File: 41.png Graphic file (type png)
 <use 41.png>
Package pdftex.def Info: 41.png used on input line 33092.
(pdftex.def)             Requested size: 86.25pt x 86.24236pt.
 [193] [194 <./41.png>] [195] [196]
Overfull \hbox (10.29158pt too wide) in paragraph at lines 33680--33692
[]$\OT1/cmr/m/n/10 (\OML/cmm/m/it/10 T:\OT1/cmr/m/n/10 1\OML/cmm/m/it/10 :\OT1/
cmr/m/n/10 1)$         \T1/cmr/m/n/10 I = $[][]\OML/cmm/m/it/10 R\OT1/cmr/m/n/1
0 (\OML/cmm/m/it/10 sent; [] t\OT1/cmr/m/n/10 )\OML/cmm/m/it/10 dt \OT1/cmr/m/n
/10 = [][]\OML/cmm/m/it/10 R [] dz \OT1/cmr/m/n/10 =$ 
 []

[197] [198]
Underfull \hbox (badness 10000) in paragraph at lines 33875--33876

 []

<42.png, id=759, 439.6425pt x 276.03125pt>
File: 42.png Graphic file (type png)
 <use 42.png>
Package pdftex.def Info: 42.png used on input line 33879.
(pdftex.def)             Requested size: 103.50105pt x 64.98106pt.
 [199 <./42.png>]
<43.png, id=765, 640.3925pt x 559.08875pt>
File: 43.png Graphic file (type png)
 <use 43.png>
Package pdftex.def Info: 43.png used on input line 34042.
(pdftex.def)             Requested size: 120.7521pt x 105.41751pt.

Overfull \hbox (16.67252pt too wide) in paragraph at lines 34087--34090
[]$[][] \OT1/cmr/m/n/10 = [] =
 []

[200 <./43.png>]
Overfull \hbox (8.07947pt too wide) in paragraph at lines 34176--34198
[]$[]\OML/cmm/m/it/10 e[]f\OT1/cmr/m/n/10 (\OML/cmm/m/it/10 z\OT1/cmr/m/n/10 )\
OML/cmm/m/it/10 dz \OT1/cmr/m/n/10 = []\OML/cmm/m/it/10 e[]f\OT1/cmr/m/n/10 (\O
ML/cmm/m/it/10 x\OT1/cmr/m/n/10 )\OML/cmm/m/it/10 dx \OT1/cmr/m/n/10 + []\OML/c
mm/m/it/10 e[]f\OT1/cmr/m/n/10 (\OML/cmm/m/it/10 z\OT1/cmr/m/n/10 )\OML/cmm/m/i
t/10 dz \OT1/cmr/m/n/10 = 2\OML/cmm/m/it/10 ^^Yi[] [] s\OT1/cmr/m/n/10 (\OML/cm
m/m/it/10 e[]f\OT1/cmr/m/n/10 (\OML/cmm/m/it/10 z\OT1/cmr/m/n/10 )\OML/cmm/m/it
/10 ; a\OT1/cmr/m/n/10 )$\T1/cmr/m/n/10 . 
 []


Overfull \hbox (17.18918pt too wide) in paragraph at lines 34263--34280
[]$\OT1/cmr/m/n/10 = [] \OMS/cmsy/m/n/10 ^^T \OML/cmm/m/it/10 M\OT1/cmr/m/n/10 
(\OML/cmm/m/it/10 r\OT1/cmr/m/n/10 )\OML/cmm/m/it/10 r[]e[]dt \OT1/cmr/m/n/10 =
 2\OML/cmm/m/it/10 M\OT1/cmr/m/n/10 (\OML/cmm/m/it/10 r\OT1/cmr/m/n/10 )\OML/cm
m/m/it/10 r[]e[]dt$ 
 []


Underfull \hbox (badness 10000) in paragraph at lines 34263--34280

 []

<44.png, id=771, 1066.98625pt x 925.4575pt>
File: 44.png Graphic file (type png)
 <use 44.png>
Package pdftex.def Info: 44.png used on input line 34284.
(pdftex.def)             Requested size: 172.5pt x 149.61545pt.
 [201]
Underfull \hbox (badness 10000) in paragraph at lines 34317--34319

 []


Underfull \hbox (badness 10000) in paragraph at lines 34343--34344

 []


Underfull \hbox (badness 10000) in paragraph at lines 34345--34352

 []

<45.png, id=775, 533.995pt x 533.995pt>
File: 45.png Graphic file (type png)
 <use 45.png>
Package pdftex.def Info: 45.png used on input line 34382.
(pdftex.def)             Requested size: 103.50105pt x 103.49712pt.
 [202 <./44.png>]
Underfull \hbox (badness 6526) in paragraph at lines 34402--34409
[]       $[][]\OML/cmm/m/it/10 f\OT1/cmr/m/n/10 (\OML/cmm/m/it/10 z\OT1/cmr/m/n
/10 )\OML/cmm/m/it/10 dz \OT1/cmr/m/n/10 = \OML/cmm/m/it/10 ^^Yi [] s\OT1/cmr/m
/n/10 (\OML/cmm/m/it/10 f; a\OT1/cmr/m/n/10 )$
 []


Underfull \hbox (badness 10000) in paragraph at lines 34402--34409

 []


Underfull \hbox (badness 10000) in paragraph at lines 34402--34409

 []


Underfull \hbox (badness 10000) in paragraph at lines 34417--34418

 []


Overfull \hbox (7.95529pt too wide) in paragraph at lines 34432--34454
[]$   [] [] \OT1/cmr/m/n/10 = []\OML/cmm/m/it/10 e[]f\OT1/cmr/m/n/10 (\OML/cmm/
m/it/10 x\OT1/cmr/m/n/10 )\OML/cmm/m/it/10 dx \OT1/cmr/m/n/10 + []\OML/cmm/m/it
/10 e[]f\OT1/cmr/m/n/10 (\OML/cmm/m/it/10 x\OT1/cmr/m/n/10 )\OML/cmm/m/it/10 dx
 \OT1/cmr/m/n/10 =$ 
 []

<46.png, id=780, 433.62pt x 282.05376pt>
File: 46.png Graphic file (type png)
 <use 46.png>
Package pdftex.def Info: 46.png used on input line 34477.
(pdftex.def)             Requested size: 86.25pt x 56.09987pt.
 [203 <./45.png> <./46.png>] [204] [205] [206] [207] [208] [209] [210]
Underfull \hbox (badness 10000) in paragraph at lines 35713--35714

 []


Underfull \hbox (badness 10000) in paragraph at lines 35713--35714

 []


Underfull \hbox (badness 10000) in paragraph at lines 35715--35716

 []


Underfull \hbox (badness 10000) in paragraph at lines 35717--35718

 []


Underfull \hbox (badness 10000) in paragraph at lines 35719--35720

 []


Underfull \hbox (badness 10000) in paragraph at lines 35719--35720

 []


Underfull \hbox (badness 10000) in paragraph at lines 35719--35720

 []


Underfull \hbox (badness 10000) in paragraph at lines 35736--35742

 []


Underfull \hbox (badness 10000) in paragraph at lines 35743--35745

 []

<47.png, id=808, 1066.98625pt x 925.4575pt>
File: 47.png Graphic file (type png)
 <use 47.png>
Package pdftex.def Info: 47.png used on input line 35749.
(pdftex.def)             Requested size: 137.9979pt x 119.69235pt.
 [211 <./47.png>]
[212] [213] [214] [215] [216] [217] [218] [219]
<48.png, id=839, 1280.785pt x 711.65875pt>
File: 48.png Graphic file (type png)
 <use 48.png>
Package pdftex.def Info: 48.png used on input line 37355.
(pdftex.def)             Requested size: 276.00105pt x 153.35114pt.
 [220]
<49.png, id=843, 726.715pt x 333.245pt>
File: 49.png Graphic file (type png)
 <use 49.png>
Package pdftex.def Info: 49.png used on input line 37440.
(pdftex.def)             Requested size: 155.24895pt x 71.18863pt.

Underfull \hbox (badness 6332) in paragraph at lines 37463--37464
[]\T1/cmr/m/n/10 e $\OML/cmm/m/it/10 ^^M[]$  \T1/cmr/m/n/10 o  in-ter-valo ori-
en-tado:
 []


Underfull \hbox (badness 10000) in paragraph at lines 37463--37464

 []


Overfull \hbox (2.46399pt too wide) in paragraph at lines 37465--37466
[]$\OML/cmm/m/it/10 ^^M[] \OT1/cmr/m/n/10 := []$ \T1/cmr/m/n/10 .              
     
 []


Overfull \hbox (81.0048pt too wide) in paragraph at lines 37469--37471
[]\T1/cmr/m/n/10 Vamos mos-trar que $ \OT1/cmr/m/n/10 ^^F := []$ 
 []

[221 <./48.png> <./49.png>] <50.png, id=849, 322.20375pt x 307.1475pt>
File: 50.png Graphic file (type png)

<use 50.png>
Package pdftex.def Info: 50.png used on input line 37481.
(pdftex.def)             Requested size: 103.50105pt x 98.66414pt.

Underfull \hbox (badness 10000) in paragraph at lines 37486--37488

 []

<51.png, id=850, 466.74374pt x 168.63pt>
File: 51.png Graphic file (type png)
 <use 51.png>
Package pdftex.def Info: 51.png used on input line 37496.
(pdftex.def)             Requested size: 258.75pt x 93.48782pt.

<52.png, id=851, 489.83pt x 164.615pt>
File: 52.png Graphic file (type png)
 <use 52.png>
Package pdftex.def Info: 52.png used on input line 37506.
(pdftex.def)             Requested size: 276.00105pt x 92.75645pt.
 [222 <./50.png> <./51.png> <./52.png>] [223] <53.png, id=862, 746.79pt x 451.6
875pt>
File: 53.png Graphic file (type png)
 <use 53.png>
Package pdftex.def Info: 53.png used on input line 37668.
(pdftex.def)             Requested size: 241.49895pt x 146.06612pt.

Overfull \hbox (12.97552pt too wide) in paragraph at lines 37671--37672
[]$\OT1/cmr/m/n/10 ^^H = \OMS/cmsy/m/n/10 f\OML/cmm/m/it/10 AB; BC; CD; DE; EF;
 FG; GH; HE; EI; IH; HJ; JE; EK; KC; CL; LA\OMS/cmsy/m/n/10 g$ 
 []

[224 <./53.png>] [225] [226] [227] [228] [229] [230]
Underfull \hbox (badness 10000) in paragraph at lines 38850--38851

 []


Underfull \hbox (badness 10000) in paragraph at lines 38850--38851

 []


Underfull \hbox (badness 10000) in paragraph at lines 38852--38853

 []


Underfull \hbox (badness 10000) in paragraph at lines 38854--38855

 []


Underfull \hbox (badness 10000) in paragraph at lines 38856--38857

 []


Underfull \hbox (badness 10000) in paragraph at lines 38858--38859

 []


Underfull \hbox (badness 10000) in paragraph at lines 38860--38861

 []


Underfull \hbox (badness 10000) in paragraph at lines 38860--38861

 []


Underfull \hbox (badness 10000) in paragraph at lines 38860--38861

 []

[231] <54.png, id=889, 889.3225pt x 224.84pt>
File: 54.png Graphic file (type png)
 <use 54.png>
Package pdftex.def Info: 54.png used on input line 39068.
(pdftex.def)             Requested size: 345.0pt x 87.22409pt.
 [232 <./54.png>]
[233] [234] [235] [236] <55.png, id=907, 826.08624pt x 216.81pt>
File: 55.png Graphic file (type png)
 <use 55.png>
Package pdftex.def Info: 55.png used on input line 39831.
(pdftex.def)             Requested size: 276.00105pt x 72.43744pt.

[237 <./55.png>] [238] <fig1.png, id=915, 950.55125pt x 429.605pt>
File: fig1.png Graphic file (type png)

<use fig1.png>
Package pdftex.def Info: fig1.png used on input line 40112.
(pdftex.def)             Requested size: 276.00105pt x 124.73958pt.
 [239 <./fig1.png>] <fig2.png, id=920, 973.6375pt x 445.665pt>
File: fig2.png Graphic file (type png)

<use fig2.png>
Package pdftex.def Info: fig2.png used on input line 40127.
(pdftex.def)             Requested size: 258.75pt x 118.43387pt.
 <fig3.png, id=921, 1018.80624pt x 369.38pt>
File: fig3.png Graphic file (type png)
 <use fig3.png>
Package pdftex.def Info: fig3.png used on input line 40141.
(pdftex.def)             Requested size: 258.75pt x 93.8102pt.

[240 <./fig2.png> <./fig3.png>] <56.png, id=927, 446.66875pt x 443.6575pt>
File: 56.png Graphic file (type png)

<use 56.png>
Package pdftex.def Info: 56.png used on input line 40227.
(pdftex.def)             Requested size: 86.25pt x 85.66327pt.
 [241 <./56.png>] [242] [243]
Overfull \hbox (8.24782pt too wide) in paragraph at lines 40768--40770
[]\T1/cmr/m/n/10 resulta que a to-po-lo-gia $\OML/cmm/m/it/10 ^^\[]$ \T1/cmr/m/
n/10 pode ser de-fi-nida pela fa-mí-lia enu-me-rá-vel $\OT1/cmr/m/n/10 ([][])[]
$ 
 []

[244] [245] [246] [247] <57.png, id=952, 479.7925pt x 480.79625pt>
File: 57.png Graphic file (type png)

<use 57.png>
Package pdftex.def Info: 57.png used on input line 41349.
(pdftex.def)             Requested size: 86.25pt x 86.42953pt.

Underfull \hbox (badness 10000) in paragraph at lines 41364--41365

 []


Underfull \hbox (badness 10000) in paragraph at lines 41364--41365

 []


Overfull \hbox (9.62201pt too wide) in paragraph at lines 41368--41387
[]$    [] \OMS/cmsy/m/n/10 ^^@ [] \OT1/cmr/m/n/10 = []$                        
              
 []

[248 <./57.png>] [249] [250] [251] [252] [253]
<58.png, id=974, 711.65875pt x 711.65875pt>
File: 58.png Graphic file (type png)
 <use 58.png>
Package pdftex.def Info: 58.png used on input line 42227.
(pdftex.def)             Requested size: 103.50105pt x 103.49734pt.
 [254 <./58.png>]
<59.png, id=979, 1092.08pt x 533.995pt>
File: 59.png Graphic file (type png)
 <use 59.png>
Package pdftex.def Info: 59.png used on input line 42468.
(pdftex.def)             Requested size: 276.00105pt x 134.95692pt.
 [255 <./59.png>] [256]
[257]
Overfull \hbox (1.26395pt too wide) in paragraph at lines 42973--42976
[]\T1/cmr/bx/n/10 [Sugestão:  \T1/cmr/m/n/10 A TLF $\OML/cmm/m/it/10 '$ \T1/cmr
/m/n/10 de-fi-nida por $\OML/cmm/m/it/10 '\OT1/cmr/m/n/10 (\OML/cmm/m/it/10 z\O
T1/cmr/m/n/10 ) := []$ \T1/cmr/m/n/10 leva $[]$ em $[]$ 
 []

[258] [259]
Underfull \hbox (badness 10000) in paragraph at lines 43158--43159

 []


Underfull \hbox (badness 10000) in paragraph at lines 43158--43159

 []


Underfull \hbox (badness 10000) in paragraph at lines 43160--43161

 []


Underfull \hbox (badness 10000) in paragraph at lines 43162--43163

 []


Underfull \hbox (badness 10000) in paragraph at lines 43164--43165

 []


Underfull \hbox (badness 10000) in paragraph at lines 43164--43165

 []


Underfull \hbox (badness 10000) in paragraph at lines 43164--43165

 []

[260] <pag249.png, id=1000, 626.34pt x 304.13625pt>
File: pag249.png Graphic file (type png)
 <use pag249.png>
Package pdftex.def Info: pag249.png used on input line 43369.
(pdftex.def)             Requested size: 207.0021pt x 100.51376pt.
 [261 <./pag249.png>] [262] [263]
Overfull \hbox (1.78186pt too wide) in paragraph at lines 43919--43920
[]\T1/cmr/bx/n/10 Teorema de mu-dança de va-riá-veis \T1/cmr/m/n/10 (TMV):  \T1
/cmr/m/it/10 Seja $ \OML/cmm/m/it/10 h$ \T1/cmr/m/it/10 um $ \OMS/cmsy/m/n/10 C
[]$\T1/cmr/m/n/10 -\T1/cmr/m/it/10 difeomorfismo 
 []

<tvm.png, id=1011, 955.57pt x 541.02126pt>
File: tvm.png Graphic file (type png)
 <use tvm.png>
Package pdftex.def Info: tvm.png used on input line 43941.
(pdftex.def)             Requested size: 241.49895pt x 136.72443pt.
 [264]
Overfull \hbox (14.57771pt too wide) in paragraph at lines 44041--44042
[]\T1/cmr/m/n/10 resulta que $\OML/cmm/m/it/10 f[]$ \T1/cmr/m/n/10 é di-fe-ren-
ciá-vel em $\OML/cmm/m/it/10 V \OT1/cmr/m/n/10 = \OML/cmm/m/it/10 D[]\OMS/cmsy/
m/n/10 n\OML/cmm/m/it/10 N$ \T1/cmr/m/n/10 por-tanto $\OML/cmm/m/it/10 f$ \T1/c
mr/m/n/10 é um $\OMS/cmsy/m/n/10 C[]$\T1/cmr/m/n/10 -difeomorfismo. 
 []

[265 <./tvm.png>] [266] [267] [268] [269]
<258.png, id=1032, 351.3125pt x 239.89626pt>
File: 258.png Graphic file (type png)
 <use 258.png>
Package pdftex.def Info: 258.png used on input line 44859.
(pdftex.def)             Requested size: 120.7521pt x 82.4568pt.
 [270 <./258.png>]
[271] <260.png, id=1041, 410.53375pt x 385.44pt>
File: 260.png Graphic file (type png)
 <use 260.png>
Package pdftex.def Info: 260.png used on input line 45188.
(pdftex.def)             Requested size: 120.7521pt x 113.36858pt.
 [272] [273 <./260.png>] <262.png, id=1049, 410.53375pt x 308.15125pt>
File: 262.png Graphic file (type png)
 <use 262.png>
Package pdftex.def Info: 262.png used on input line 45451.
(pdftex.def)             Requested size: 103.50105pt x 77.6865pt.
 [274 <./262.png>] [275] [276] [277] [278] [279] [280]
Overfull \hbox (0.71156pt too wide) in paragraph at lines 46505--46512
[]\T1/cmr/m/n/10 (e)  Seja $\OT1/cmr/m/n/10 ^^@(\OML/cmm/m/it/10 K\OT1/cmr/m/n/
10 )$ \T1/cmr/m/n/10 o en-vó-lu-cro con-vexo de $\OML/cmm/m/it/10 K;$ \T1/cmr/m
/n/10 prove que $\OML/cmm/m/it/10 K \OMS/cmsy/m/n/10 ^^Z []\OML/cmm/m/it/10 S\O
T1/cmr/m/n/10 (\OML/cmm/m/it/10 p; q; ^^[[]\OT1/cmr/m/n/10 ) =$ 
 []

[281] [282]
Underfull \hbox (badness 10000) in paragraph at lines 46692--46693

 []


Underfull \hbox (badness 10000) in paragraph at lines 46692--46693

 []


Underfull \hbox (badness 10000) in paragraph at lines 46694--46695

 []


Underfull \hbox (badness 10000) in paragraph at lines 46696--46697

 []


Underfull \hbox (badness 10000) in paragraph at lines 46696--46697

 []


Underfull \hbox (badness 10000) in paragraph at lines 46696--46697

 []

[283] [284] [285] [286] [287] [288] [289] [290]
Underfull \hbox (badness 10000) in paragraph at lines 47726--47727

 []


Underfull \hbox (badness 10000) in paragraph at lines 47726--47727

 []


Underfull \hbox (badness 10000) in paragraph at lines 47728--47729

 []


Underfull \hbox (badness 10000) in paragraph at lines 47730--47731

 []


Underfull \hbox (badness 10000) in paragraph at lines 47730--47731

 []


Underfull \hbox (badness 10000) in paragraph at lines 47730--47731

 []

[291] [292] [293] [294] [295] [296]
Overfull \hbox (3.2297pt too wide) in paragraph at lines 48669--48672
[]\T1/cmr/m/n/10 que $\OML/cmm/m/it/10 Z\OT1/cmr/m/n/10 (\OML/cmm/m/it/10 f\OT1
/cmr/m/n/10 )$ \T1/cmr/m/n/10 é um con-junto in-fi-nito, isto é, po-de-mos es-c
re-ver $\OML/cmm/m/it/10 Z\OT1/cmr/m/n/10 (\OML/cmm/m/it/10 f\OT1/cmr/m/n/10 ) 
= [] \OML/cmm/m/it/10 :$ 
 []

[297] [298] [299] [300] [301] [302] [303] [304] [305] [306] [307]
Overfull \hbox (6.82492pt too wide) in paragraph at lines 50305--50310
[]$\OML/cmm/m/it/10 G\OT1/cmr/m/n/10 (\OML/cmm/m/it/10 z\OT1/cmr/m/n/10 ) = [][
] = []\OML/cmm/m/it/10 C[] [][] \OT1/cmr/m/n/10 (\OML/cmm/m/it/10 g[]\OT1/cmr/m
/n/10 (\OML/cmm/m/it/10 z\OT1/cmr/m/n/10 )\OML/cmm/m/it/10  \OT1/cmr/m/n/10 (\O
ML/cmm/m/it/10 z\OT1/cmr/m/n/10 ))[]\OML/cmm/m/it/10 :$ 
 []


Overfull \hbox (2.90913pt too wide) in paragraph at lines 50371--50379
[]\T1/cmr/m/n/10 Seja $\OT1/cmr/m/n/10 (\OML/cmm/m/it/10 u[]\OT1/cmr/m/n/10 )[]
$ \T1/cmr/m/n/10 uma sequên-cia em $\OMS/cmsy/m/n/10 B\OT1/cmr/m/n/10 (\OML/cmm
/m/it/10 S; \U/msb/m/n/10 C\OT1/cmr/m/n/10 )$ \T1/cmr/m/n/10 tal que $[] []$ co
n-verge uniforme-
 []


Underfull \hbox (badness 10000) in paragraph at lines 50371--50379

 []

[308] [309] [310] [311]
Overfull \hbox (14.96596pt too wide) in paragraph at lines 50879--50889
[]$\OT1/cmr/m/n/10 (\OMS/cmsy/m/n/10 ^^C\OT1/cmr/m/n/10 )$      $[]$ 
 []

[312] [313] [314] (./12a_Funcoes_Analiticas_thacia.aux)

LaTeX Font Warning: Size substitutions with differences
(Font)              up to 0.74pt have occurred.

 ) 
Here is how much of TeX's memory you used:
 3849 strings out of 495004
 47027 string characters out of 6180663
 111937 words of memory out of 5000000
 6899 multiletter control sequences out of 15000+600000
 27738 words of font info for 74 fonts, out of 8000000 for 9000
 16 hyphenation exceptions out of 8191
 38i,20n,26p,332b,236s stack positions out of 5000i,500n,10000p,200000b,80000s
 </home/fabio/.texmf-var/fonts/pk/ljfour/jknappen/ec/ecbx1440.600pk> </home/f
abio/.texmf-var/fonts/pk/ljfour/jknappen/ec/eccc0700.600pk> </home/fabio/.texmf
-var/fonts/pk/ljfour/jknappen/ec/ecrm0900.600pk> </home/fabio/.texmf-var/fonts/
pk/ljfour/jknappen/ec/eccc1000.600pk> </home/fabio/.texmf-var/fonts/pk/ljfour/j
knappen/ec/ecrm0800.600pk> </home/fabio/.texmf-var/fonts/pk/ljfour/jknappen/ec/
ecrm0600.600pk> </home/fabio/.texmf-var/fonts/pk/ljfour/jknappen/ec/ecrm0700.60
0pk> </home/fabio/.texmf-var/fonts/pk/ljfour/jknappen/ec/ecbx2074.600pk> </home
/fabio/.texmf-var/fonts/pk/ljfour/jknappen/ec/ecti1000.600pk> </home/fabio/.tex
mf-var/fonts/pk/ljfour/jknappen/ec/ecbx1000.600pk> </home/fabio/.texmf-var/font
s/pk/ljfour/jknappen/ec/ecrm1000.600pk> </home/fabio/.texmf-var/fonts/pk/ljfour
/jknappen/ec/ecbx1728.600pk></usr/share/texlive/texmf-dist/fonts/type1/public/a
msfonts/cm/cmbx10.pfb></usr/share/texlive/texmf-dist/fonts/type1/public/amsfont
s/cm/cmex10.pfb></usr/share/texlive/texmf-dist/fonts/type1/public/amsfonts/cmex
tra/cmex7.pfb></usr/share/texlive/texmf-dist/fonts/type1/public/amsfonts/cm/cmm
i10.pfb></usr/share/texlive/texmf-dist/fonts/type1/public/amsfonts/cm/cmmi5.pfb
></usr/share/texlive/texmf-dist/fonts/type1/public/amsfonts/cm/cmmi6.pfb></usr/
share/texlive/texmf-dist/fonts/type1/public/amsfonts/cm/cmmi7.pfb></usr/share/t
exlive/texmf-dist/fonts/type1/public/amsfonts/cm/cmmi8.pfb></usr/share/texlive/
texmf-dist/fonts/type1/public/amsfonts/cm/cmr10.pfb></usr/share/texlive/texmf-d
ist/fonts/type1/public/amsfonts/cm/cmr5.pfb></usr/share/texlive/texmf-dist/font
s/type1/public/amsfonts/cm/cmr7.pfb></usr/share/texlive/texmf-dist/fonts/type1/
public/amsfonts/cm/cmr8.pfb></usr/share/texlive/texmf-dist/fonts/type1/public/a
msfonts/cm/cmsy10.pfb></usr/share/texlive/texmf-dist/fonts/type1/public/amsfont
s/cm/cmsy5.pfb></usr/share/texlive/texmf-dist/fonts/type1/public/amsfonts/cm/cm
sy7.pfb></usr/share/texlive/texmf-dist/fonts/type1/public/amsfonts/cm/cmsy8.pfb
></usr/share/texlive/texmf-dist/fonts/type1/public/amsfonts/euler/eufm10.pfb></
usr/share/texlive/texmf-dist/fonts/type1/public/amsfonts/euler/eufm7.pfb></usr/
share/texlive/texmf-dist/fonts/type1/public/amsfonts/symbols/msam10.pfb></usr/s
hare/texlive/texmf-dist/fonts/type1/public/amsfonts/symbols/msbm10.pfb></usr/sh
are/texlive/texmf-dist/fonts/type1/public/amsfonts/symbols/msbm7.pfb>
Output written on 12a_Funcoes_Analiticas_thacia.pdf (314 pages, 7122349 bytes).

PDF statistics:
 1682 PDF objects out of 1728 (max. 8388607)
 806 compressed objects within 9 object streams
 0 named destinations out of 1000 (max. 500000)
 371 words of extra memory for PDF output out of 10000 (max. 10000000)

